<?xml version="1.0" encoding="UTF-8"?>
<testsuite xmlns:xsi="http://www.w3.org/2001/XMLSchema-instance" xsi:noNamespaceSchemaLocation="https://maven.apache.org/surefire/maven-surefire-plugin/xsd/surefire-test-report-3.0.xsd" version="3.0" name="runner.MyRunner" time="775.653" tests="4" errors="2" skipped="0" failures="0">
  <properties>
[...]
</properties>
  <testcase name="Highest fare #1" classname="select highest fare" time="140.228"/>
  <testcase name="Highest fare #2" classname="select highest fare" time="164.352">
    <error message="Unable to locate element: (//div[text()=&apos;SpiceMAX&apos;]/following::div[2])[1]&#10;For documentation on this error, please visit: https://selenium.dev/exceptions/#no_such_element&#10;Build info: version: &apos;4.1.0&apos;, revision: &apos;87802e897b&apos;&#10;System info: host: &apos;DESKTOP-Q25NASI&apos;, ip: &apos;172.20.10.13&apos;, os.name: &apos;Windows 10&apos;, os.arch: &apos;amd64&apos;, os.version: &apos;10.0&apos;, java.version: &apos;1.8.0_321&apos;&#10;Driver info: org.openqa.selenium.firefox.FirefoxDriver&#10;Command: [5a1056a5-5421-4062-9262-34f584f80181, findElement {using=xpath, value=(//div[text()=&apos;SpiceMAX&apos;]/following::div[2])[1]}]&#10;Capabilities {acceptInsecureCerts: true, browserName: firefox, browserVersion: 97.0, javascriptEnabled: true, moz:accessibilityChecks: false, moz:buildID: 20220202182137, moz:debuggerAddress: localhost:58107, moz:geckodriverVersion: 0.30.0, moz:headless: false, moz:processID: 8164, moz:profile: C:\Users\lenovo\AppData\Loc..., moz:shutdownTimeout: 60000, moz:useNonSpecCompliantPointerOrigin: false, moz:webdriverClick: true, pageLoadStrategy: normal, platform: WINDOWS, platformName: WINDOWS, platformVersion: 10.0, proxy: Proxy(), se:cdp: ws://localhost:58107/devtoo..., se:cdpVersion: 85, setWindowRect: true, strictFileInteractability: false, timeouts: {implicit: 0, pageLoad: 300000, script: 30000}, unhandledPromptBehavior: dismiss and notify}&#10;Session ID: 5a1056a5-5421-4062-9262-34f584f80181" type="org.openqa.selenium.NoSuchElementException">org.openqa.selenium.NoSuchElementException: 
Unable to locate element: (//div[text()='SpiceMAX']/following::div[2])[1]
For documentation on this error, please visit: https://selenium.dev/exceptions/#no_such_element
Build info: version: '4.1.0', revision: '87802e897b'
System info: host: 'DESKTOP-Q25NASI', ip: '172.20.10.13', os.name: 'Windows 10', os.arch: 'amd64', os.version: '10.0', java.version: '1.8.0_321'
Driver info: org.openqa.selenium.firefox.FirefoxDriver
Command: [5a1056a5-5421-4062-9262-34f584f80181, findElement {using=xpath, value=(//div[text()='SpiceMAX']/following::div[2])[1]}]
Capabilities {acceptInsecureCerts: true, browserName: firefox, browserVersion: 97.0, javascriptEnabled: true, moz:accessibilityChecks: false, moz:buildID: 20220202182137, moz:debuggerAddress: localhost:58107, moz:geckodriverVersion: 0.30.0, moz:headless: false, moz:processID: 8164, moz:profile: C:\Users\lenovo\AppData\Loc..., moz:shutdownTimeout: 60000, moz:useNonSpecCompliantPointerOrigin: false, moz:webdriverClick: true, pageLoadStrategy: normal, platform: WINDOWS, platformName: WINDOWS, platformVersion: 10.0, proxy: Proxy(), se:cdp: ws://localhost:58107/devtoo..., se:cdpVersion: 85, setWindowRect: true, strictFileInteractability: false, timeouts: {implicit: 0, pageLoad: 300000, script: 30000}, unhandledPromptBehavior: dismiss and notify}
Session ID: 5a1056a5-5421-4062-9262-34f584f80181
</error>
    <system-out><![CDATA[
Scenario Outline: Highest fare                    # src/test/resources/features/Highestfare.feature:19
  Given open "Firefox" browser                    # gluecode.StepDef1.method1(java.lang.String)
  And launch "https://www.spicejet.com" site      # gluecode.StepDef1.method2(java.lang.String)

    From field is displayed


    To field is displayed

  When search flights from "Delhi" to "Bangaluru" # gluecode.StepDef1.method3(java.lang.String,java.lang.String)
  And select 2023 , "January" , 2                 # gluecode.StepDef1.method5(java.lang.Integer,java.lang.String,java.lang.Integer)
  And select 2023 , "February" and 24             # gluecode.StepDef1.method6(java.lang.Integer,java.lang.String,java.lang.Integer)
  And click on search flights                     # gluecode.StepDef1.method7()
  Then flights table should be displayed          # gluecode.StepDef1.method8()
      org.openqa.selenium.NoSuchElementException: Unable to locate element: (//div[text()='SpiceMAX']/following::div[2])[1]
For documentation on this error, please visit: https://selenium.dev/exceptions/#no_such_element
Build info: version: '4.1.0', revision: '87802e897b'
System info: host: 'DESKTOP-Q25NASI', ip: '172.20.10.13', os.name: 'Windows 10', os.arch: 'amd64', os.version: '10.0', java.version: '1.8.0_321'
Driver info: org.openqa.selenium.firefox.FirefoxDriver
Command: [5a1056a5-5421-4062-9262-34f584f80181, findElement {using=xpath, value=(//div[text()='SpiceMAX']/following::div[2])[1]}]
Capabilities {acceptInsecureCerts: true, browserName: firefox, browserVersion: 97.0, javascriptEnabled: true, moz:accessibilityChecks: false, moz:buildID: 20220202182137, moz:debuggerAddress: localhost:58107, moz:geckodriverVersion: 0.30.0, moz:headless: false, moz:processID: 8164, moz:profile: C:\Users\lenovo\AppData\Loc..., moz:shutdownTimeout: 60000, moz:useNonSpecCompliantPointerOrigin: false, moz:webdriverClick: true, pageLoadStrategy: normal, platform: WINDOWS, platformName: WINDOWS, platformVersion: 10.0, proxy: Proxy(), se:cdp: ws://localhost:58107/devtoo..., se:cdpVersion: 85, setWindowRect: true, strictFileInteractability: false, timeouts: {implicit: 0, pageLoad: 300000, script: 30000}, unhandledPromptBehavior: dismiss and notify}
Session ID: 5a1056a5-5421-4062-9262-34f584f80181
	at sun.reflect.NativeConstructorAccessorImpl.newInstance0(Native Method)
	at sun.reflect.NativeConstructorAccessorImpl.newInstance(NativeConstructorAccessorImpl.java:62)
	at sun.reflect.DelegatingConstructorAccessorImpl.newInstance(DelegatingConstructorAccessorImpl.java:45)
	at java.lang.reflect.Constructor.newInstance(Constructor.java:423)
	at org.openqa.selenium.remote.codec.w3c.W3CHttpResponseCodec.createException(W3CHttpResponseCodec.java:200)
	at org.openqa.selenium.remote.codec.w3c.W3CHttpResponseCodec.decode(W3CHttpResponseCodec.java:133)
	at org.openqa.selenium.remote.codec.w3c.W3CHttpResponseCodec.decode(W3CHttpResponseCodec.java:53)
	at org.openqa.selenium.remote.HttpCommandExecutor.execute(HttpCommandExecutor.java:184)
	at org.openqa.selenium.remote.service.DriverCommandExecutor.invokeExecute(DriverCommandExecutor.java:164)
	at org.openqa.selenium.remote.service.DriverCommandExecutor.execute(DriverCommandExecutor.java:139)
	at org.openqa.selenium.remote.RemoteWebDriver.execute(RemoteWebDriver.java:559)
	at org.openqa.selenium.remote.ElementLocation$ElementFinder$2.findElement(ElementLocation.java:162)
	at org.openqa.selenium.remote.ElementLocation.findElement(ElementLocation.java:60)
	at org.openqa.selenium.remote.RemoteWebDriver.findElement(RemoteWebDriver.java:383)
	at org.openqa.selenium.remote.RemoteWebDriver.findElement(RemoteWebDriver.java:375)
	at org.openqa.selenium.support.pagefactory.DefaultElementLocator.findElement(DefaultElementLocator.java:70)
	at org.openqa.selenium.support.pagefactory.internal.LocatingElementHandler.invoke(LocatingElementHandler.java:39)
	at com.sun.proxy.$Proxy21.isDisplayed(Unknown Source)
	at pages.FlightsPage.isDepartureFlightsTableDisplayed(FlightsPage.java:29)
	at gluecode.StepDef1.method8(StepDef1.java:96)
	at âœ½.flights table should be displayed(file:///E:/Shark/com.spicejetAirlines/src/test/resources/features/Highestfare.feature:10)

  And select highest fare flight for Departure    # gluecode.StepDef3.method11()
  And select highest fare flight for Return       # gluecode.StepDef3.method12()
  And click continue                              # gluecode.StepDef3.method13()
  When close site                                 # gluecode.StepDef1.method9()
]]></system-out>
    <system-err><![CDATA[1648667994559	geckodriver	INFO	Listening on 127.0.0.1:58244
1648667994980	mozrunner::runner	INFO	Running command: "C:\\Program Files\\Mozilla Firefox\\firefox.exe" "--marionette" "--remote-debugging-port" "58107" "-no-remote" "-profile" "C:\\Users\\lenovo\\AppData\\Local\\Temp\\rust_mozprofile9ltKEA"
1648667996932	Marionette	INFO	Marionette enabled
console.warn: SearchSettings: "get: No settings file exists, new profile?" (new NotFoundError("Could not open the file at C:\\Users\\lenovo\\AppData\\Local\\Temp\\rust_mozprofile9ltKEA\\search.json.mozlz4", (void 0)))
DevTools listening on ws://localhost:58107/devtools/browser/9c65e863-40f3-400d-b47f-733b3044c3c5
1648668007854	Marionette	INFO	Listening on port 57895
1648668008103	RemoteAgent	WARN	TLS certificate errors will be ignored for this session
Mar 31, 2022 12:50:08 AM org.openqa.selenium.remote.ProtocolHandshake createSession
INFO: Detected dialect: W3C
JavaScript warning: https://assets.adobedtm.com/537dbdb6fad9/0ee804a032d6/launch-128555ff1d51.min.js, line 6: WEBGL_debug_renderer_info is deprecated in Firefox and will be removed. Please use RENDERER.
JavaScript error: https://www.spicejet.com/public/main17a996e71c2d13441b05.chunk.js, line 1: SyntaxError: JSON.parse: unexpected non-digit at line 1 column 2 of the JSON data
1648668092273	Marionette	WARN	TimedPromise timed out after 500 ms: stacktrace:
TimedPromise/<@chrome://remote/content/marionette/sync.js:235:19
TimedPromise@chrome://remote/content/marionette/sync.js:220:10
interaction.flushEventLoop@chrome://remote/content/marionette/interaction.js:431:10
webdriverClickElement@chrome://remote/content/marionette/interaction.js:179:31
1648668115468	Marionette	WARN	TimedPromise timed out after 500 ms: stacktrace:
TimedPromise/<@chrome://remote/content/marionette/sync.js:235:19
TimedPromise@chrome://remote/content/marionette/sync.js:220:10
interaction.flushEventLoop@chrome://remote/content/marionette/interaction.js:431:10
webdriverClickElement@chrome://remote/content/marionette/interaction.js:179:31
1648668130626	Marionette	WARN	TimedPromise timed out after 500 ms: stacktrace:
TimedPromise/<@chrome://remote/content/marionette/sync.js:235:19
TimedPromise@chrome://remote/content/marionette/sync.js:220:10
interaction.flushEventLoop@chrome://remote/content/marionette/interaction.js:431:10
webdriverClickElement@chrome://remote/content/marionette/interaction.js:179:31
]]></system-err>
  </testcase>
  <testcase name="Lowest fare #1" classname="select lowest fare" time="187.814"/>
  <testcase name="Lowest fare #2" classname="select lowest fare" time="276.889">
    <error message="Failed to decode response from marionette&#10;Build info: version: &apos;4.1.0&apos;, revision: &apos;87802e897b&apos;&#10;System info: host: &apos;DESKTOP-Q25NASI&apos;, ip: &apos;172.20.10.13&apos;, os.name: &apos;Windows 10&apos;, os.arch: &apos;amd64&apos;, os.version: &apos;10.0&apos;, java.version: &apos;1.8.0_321&apos;&#10;Driver info: org.openqa.selenium.firefox.FirefoxDriver&#10;Command: [c2799d15-da1f-40e4-962e-c254f230a995, findElement {using=xpath, value=//div[text()=&apos;To&apos;]/following::input[1]}]&#10;Capabilities {acceptInsecureCerts: true, browserName: firefox, browserVersion: 97.0, javascriptEnabled: true, moz:accessibilityChecks: false, moz:buildID: 20220202182137, moz:debuggerAddress: localhost:54674, moz:geckodriverVersion: 0.30.0, moz:headless: false, moz:processID: 12580, moz:profile: C:\Users\lenovo\AppData\Loc..., moz:shutdownTimeout: 60000, moz:useNonSpecCompliantPointerOrigin: false, moz:webdriverClick: true, pageLoadStrategy: normal, platform: WINDOWS, platformName: WINDOWS, platformVersion: 10.0, proxy: Proxy(), se:cdp: ws://localhost:54674/devtoo..., se:cdpVersion: 85, setWindowRect: true, strictFileInteractability: false, timeouts: {implicit: 0, pageLoad: 300000, script: 30000}, unhandledPromptBehavior: dismiss and notify}&#10;Session ID: c2799d15-da1f-40e4-962e-c254f230a995" type="org.openqa.selenium.WebDriverException">org.openqa.selenium.WebDriverException: 
Failed to decode response from marionette
Build info: version: '4.1.0', revision: '87802e897b'
System info: host: 'DESKTOP-Q25NASI', ip: '172.20.10.13', os.name: 'Windows 10', os.arch: 'amd64', os.version: '10.0', java.version: '1.8.0_321'
Driver info: org.openqa.selenium.firefox.FirefoxDriver
Command: [c2799d15-da1f-40e4-962e-c254f230a995, findElement {using=xpath, value=//div[text()='To']/following::input[1]}]
Capabilities {acceptInsecureCerts: true, browserName: firefox, browserVersion: 97.0, javascriptEnabled: true, moz:accessibilityChecks: false, moz:buildID: 20220202182137, moz:debuggerAddress: localhost:54674, moz:geckodriverVersion: 0.30.0, moz:headless: false, moz:processID: 12580, moz:profile: C:\Users\lenovo\AppData\Loc..., moz:shutdownTimeout: 60000, moz:useNonSpecCompliantPointerOrigin: false, moz:webdriverClick: true, pageLoadStrategy: normal, platform: WINDOWS, platformName: WINDOWS, platformVersion: 10.0, proxy: Proxy(), se:cdp: ws://localhost:54674/devtoo..., se:cdpVersion: 85, setWindowRect: true, strictFileInteractability: false, timeouts: {implicit: 0, pageLoad: 300000, script: 30000}, unhandledPromptBehavior: dismiss and notify}
Session ID: c2799d15-da1f-40e4-962e-c254f230a995
</error>
    <system-out><![CDATA[
Scenario Outline: Lowest fare                     # src/test/resources/features/Lowestfare.feature:19
  Given open "Firefox" browser                    # gluecode.StepDef1.method1(java.lang.String)
  And launch "https://www.spicejet.com" site      # gluecode.StepDef1.method2(java.lang.String)

    From field is displayed

  When search flights from "Delhi" to "Bangaluru" # gluecode.StepDef1.method3(java.lang.String,java.lang.String)
      org.openqa.selenium.WebDriverException: Failed to decode response from marionette
Build info: version: '4.1.0', revision: '87802e897b'
System info: host: 'DESKTOP-Q25NASI', ip: '172.20.10.13', os.name: 'Windows 10', os.arch: 'amd64', os.version: '10.0', java.version: '1.8.0_321'
Driver info: org.openqa.selenium.firefox.FirefoxDriver
Command: [c2799d15-da1f-40e4-962e-c254f230a995, findElement {using=xpath, value=//div[text()='To']/following::input[1]}]
Capabilities {acceptInsecureCerts: true, browserName: firefox, browserVersion: 97.0, javascriptEnabled: true, moz:accessibilityChecks: false, moz:buildID: 20220202182137, moz:debuggerAddress: localhost:54674, moz:geckodriverVersion: 0.30.0, moz:headless: false, moz:processID: 12580, moz:profile: C:\Users\lenovo\AppData\Loc..., moz:shutdownTimeout: 60000, moz:useNonSpecCompliantPointerOrigin: false, moz:webdriverClick: true, pageLoadStrategy: normal, platform: WINDOWS, platformName: WINDOWS, platformVersion: 10.0, proxy: Proxy(), se:cdp: ws://localhost:54674/devtoo..., se:cdpVersion: 85, setWindowRect: true, strictFileInteractability: false, timeouts: {implicit: 0, pageLoad: 300000, script: 30000}, unhandledPromptBehavior: dismiss and notify}
Session ID: c2799d15-da1f-40e4-962e-c254f230a995
	at sun.reflect.NativeConstructorAccessorImpl.newInstance0(Native Method)
	at sun.reflect.NativeConstructorAccessorImpl.newInstance(NativeConstructorAccessorImpl.java:62)
	at sun.reflect.DelegatingConstructorAccessorImpl.newInstance(DelegatingConstructorAccessorImpl.java:45)
	at java.lang.reflect.Constructor.newInstance(Constructor.java:423)
	at org.openqa.selenium.remote.codec.w3c.W3CHttpResponseCodec.createException(W3CHttpResponseCodec.java:200)
	at org.openqa.selenium.remote.codec.w3c.W3CHttpResponseCodec.decode(W3CHttpResponseCodec.java:133)
	at org.openqa.selenium.remote.codec.w3c.W3CHttpResponseCodec.decode(W3CHttpResponseCodec.java:53)
	at org.openqa.selenium.remote.HttpCommandExecutor.execute(HttpCommandExecutor.java:184)
	at org.openqa.selenium.remote.service.DriverCommandExecutor.invokeExecute(DriverCommandExecutor.java:164)
	at org.openqa.selenium.remote.service.DriverCommandExecutor.execute(DriverCommandExecutor.java:139)
	at org.openqa.selenium.remote.RemoteWebDriver.execute(RemoteWebDriver.java:559)
	at org.openqa.selenium.remote.ElementLocation$ElementFinder$2.findElement(ElementLocation.java:162)
	at org.openqa.selenium.remote.ElementLocation.findElement(ElementLocation.java:60)
	at org.openqa.selenium.remote.RemoteWebDriver.findElement(RemoteWebDriver.java:383)
	at org.openqa.selenium.remote.RemoteWebDriver.findElement(RemoteWebDriver.java:375)
	at org.openqa.selenium.support.pagefactory.DefaultElementLocator.findElement(DefaultElementLocator.java:70)
	at org.openqa.selenium.support.pagefactory.internal.LocatingElementHandler.invoke(LocatingElementHandler.java:39)
	at com.sun.proxy.$Proxy21.isDisplayed(Unknown Source)
	at pages.HomePage.isToFieldDisplayed(HomePage.java:40)
	at gluecode.StepDef1.method3(StepDef1.java:57)
	at âœ½.search flights from "Delhi" to "Bangaluru"(file:///E:/Shark/com.spicejetAirlines/src/test/resources/features/Lowestfare.feature:6)

  And select 2023 , "January" , 2                 # gluecode.StepDef1.method5(java.lang.Integer,java.lang.String,java.lang.Integer)
  And select 2023 , "February" and 24             # gluecode.StepDef1.method6(java.lang.Integer,java.lang.String,java.lang.Integer)
  And click on search flights                     # gluecode.StepDef1.method7()
  Then flights table should be displayed          # gluecode.StepDef1.method8()
  And select lowest fare flight for Departure     # gluecode.StepDef2.method9()
  And select lowest fare flight for Return        # gluecode.StepDef2.method10()
  And click continue                              # gluecode.StepDef3.method13()
  When close site                                 # gluecode.StepDef1.method9()
]]></system-out>
    <system-err><![CDATA[1648668347586	geckodriver	INFO	Listening on 127.0.0.1:62131
1648668347862	mozrunner::runner	INFO	Running command: "C:\\Program Files\\Mozilla Firefox\\firefox.exe" "--marionette" "--remote-debugging-port" "54674" "-no-remote" "-profile" "C:\\Users\\lenovo\\AppData\\Local\\Temp\\rust_mozprofileLlyYN8"
1648668350125	Marionette	INFO	Marionette enabled
console.warn: SearchSettings: "get: No settings file exists, new profile?" (new NotFoundError("Could not open the file at C:\\Users\\lenovo\\AppData\\Local\\Temp\\rust_mozprofileLlyYN8\\search.json.mozlz4", (void 0)))
DevTools listening on ws://localhost:54674/devtools/browser/d9cf5c85-0c18-463a-b2ac-a1fd35ddcd0a
1648668362717	Marionette	INFO	Listening on port 58132
1648668363167	RemoteAgent	WARN	TLS certificate errors will be ignored for this session
Mar 31, 2022 12:56:04 AM org.openqa.selenium.remote.ProtocolHandshake createSession
INFO: Detected dialect: W3C
JavaScript warning: https://assets.adobedtm.com/537dbdb6fad9/0ee804a032d6/launch-128555ff1d51.min.js, line 6: WEBGL_debug_renderer_info is deprecated in Firefox and will be removed. Please use RENDERER.
JavaScript error: https://www.spicejet.com/public/main17a996e71c2d13441b05.chunk.js, line 1: SyntaxError: JSON.parse: unexpected non-digit at line 1 column 2 of the JSON data
WARNING: At least one completion condition is taking too long to complete. Conditions: [{"name":"SessionStore: flushing all windows","state":{"total":1,"current":0},"filename":"resource:///modules/sessionstore/SessionStore.jsm","lineNumber":2057,"stack":["resource:///modules/sessionstore/SessionStore.jsm:ssi_onQuitApplicationGranted:2057","resource:///modules/sessionstore/SessionStore.jsm:ssi_observe:976"]}] Barrier: quit-application-granted

###!!! [Parent][PContentParent] Error: Send(msgname=PContentPermissionRequest::Msg___delete__) Channel error: cannot send/recv

JavaScript error: resource:///modules/sessionstore/SessionStore.jsm, line 2069: TypeError: subject.QueryInterface is not a function
A content process crashed and MOZ_CRASHREPORTER_SHUTDOWN is set, shutting down
1648668605409	Marionette	INFO	Stopped listening on port 58132
JavaScript error: chrome://remote/content/marionette/cert.js, line 55: NS_ERROR_NOT_AVAILABLE: Component returned failure code: 0x80040111 (NS_ERROR_NOT_AVAILABLE) [nsICertOverrideService.setDisableAllSecurityChecksAndLetAttackersInterceptMyData]
]]></system-err>
  </testcase>
</testsuite>